Determining if the pthread_create exist failed with the following output:
Change Dir: /home/lory/radarfusion/build/CMakeFiles/CMakeTmp

Run Build Command:"/usr/bin/make" "cmTC_7486b/fast"
/usr/bin/make -f CMakeFiles/cmTC_7486b.dir/build.make CMakeFiles/cmTC_7486b.dir/build
make[1]: Entering directory '/home/lory/radarfusion/build/CMakeFiles/CMakeTmp'
Building C object CMakeFiles/cmTC_7486b.dir/CheckSymbolExists.c.o
/usr/bin/cc   -Wall   -O3    -o CMakeFiles/cmTC_7486b.dir/CheckSymbolExists.c.o   -c /home/lory/radarfusion/build/CMakeFiles/CMakeTmp/CheckSymbolExists.c
Linking C executable cmTC_7486b
/usr/bin/cmake -E cmake_link_script CMakeFiles/cmTC_7486b.dir/link.txt --verbose=1
/usr/bin/cc   -Wall   -O3     -rdynamic CMakeFiles/cmTC_7486b.dir/CheckSymbolExists.c.o  -o cmTC_7486b 
CMakeFiles/cmTC_7486b.dir/CheckSymbolExists.c.o: In function `main':
CheckSymbolExists.c:(.text.startup+0x3): undefined reference to `pthread_create'
collect2: error: ld returned 1 exit status
CMakeFiles/cmTC_7486b.dir/build.make:97: recipe for target 'cmTC_7486b' failed
make[1]: *** [cmTC_7486b] Error 1
make[1]: Leaving directory '/home/lory/radarfusion/build/CMakeFiles/CMakeTmp'
Makefile:126: recipe for target 'cmTC_7486b/fast' failed
make: *** [cmTC_7486b/fast] Error 2

File /home/lory/radarfusion/build/CMakeFiles/CMakeTmp/CheckSymbolExists.c:
/* */
#include <pthread.h>

int main(int argc, char** argv)
{
  (void)argv;
#ifndef pthread_create
  return ((int*)(&pthread_create))[argc];
#else
  (void)argc;
  return 0;
#endif
}

Determining if the function pthread_create exists in the pthreads failed with the following output:
Change Dir: /home/lory/radarfusion/build/CMakeFiles/CMakeTmp

Run Build Command:"/usr/bin/make" "cmTC_d9a22/fast"
/usr/bin/make -f CMakeFiles/cmTC_d9a22.dir/build.make CMakeFiles/cmTC_d9a22.dir/build
make[1]: Entering directory '/home/lory/radarfusion/build/CMakeFiles/CMakeTmp'
Building C object CMakeFiles/cmTC_d9a22.dir/CheckFunctionExists.c.o
/usr/bin/cc   -Wall   -O3 -DCHECK_FUNCTION_EXISTS=pthread_create   -o CMakeFiles/cmTC_d9a22.dir/CheckFunctionExists.c.o   -c /usr/share/cmake-3.10/Modules/CheckFunctionExists.c
Linking C executable cmTC_d9a22
/usr/bin/cmake -E cmake_link_script CMakeFiles/cmTC_d9a22.dir/link.txt --verbose=1
/usr/bin/cc   -Wall   -O3 -DCHECK_FUNCTION_EXISTS=pthread_create    -rdynamic CMakeFiles/cmTC_d9a22.dir/CheckFunctionExists.c.o  -o cmTC_d9a22 -lpthreads 
/usr/bin/ld: cannot find -lpthreads
collect2: error: ld returned 1 exit status
CMakeFiles/cmTC_d9a22.dir/build.make:97: recipe for target 'cmTC_d9a22' failed
make[1]: *** [cmTC_d9a22] Error 1
make[1]: Leaving directory '/home/lory/radarfusion/build/CMakeFiles/CMakeTmp'
Makefile:126: recipe for target 'cmTC_d9a22/fast' failed
make: *** [cmTC_d9a22/fast] Error 2


